<?xml version="1.0" encoding="UTF-8"?>
<!-- Generated by org.testng.reporters.JUnitXMLReporter -->
<testsuite hostname="WIN-6INJRAB8CQ2" ignored="0" name="Test" tests="6" failures="0" timestamp="2019-11-20T13:05:08 IST" time="0.07" errors="0">
  <testcase name="Djira" time="0.015" classname="qaclickacademy.APITests"/>
  <testcase name="TwitterDellete" time="0.0" classname="qaclickacademy.APITests"/>
  <testcase name="AndroidAPP" time="0.0" classname="qaclickacademy.ApiumTest"/>
  <testcase name="SamsungTest" time="0.0" classname="qaclickacademy.ApiumTest"/>
  <testcase name="BrowserAutomation" time="0.0" classname="qaclickacademy.SaleniumTest"/>
  <testcase name="ElementsUI" time="0.0" classname="qaclickacademy.SaleniumTest"/>
</testsuite> <!-- Test -->
