<?xml version="1.0" encoding="UTF-8"?>
<!-- Generated by org.testng.reporters.JUnitXMLReporter -->
<testsuite hostname="WIN-6INJRAB8CQ2" ignored="0" name="Command line test" tests="4" failures="0" timestamp="2019-11-21T09:52:45 IST" time="0.063" errors="0">
  <testcase name="AndroidAPP" time="0.0" classname="qaclickacademy.ApiumTest"/>
  <testcase name="SamsungTest" time="0.0" classname="qaclickacademy.ApiumTest"/>
  <testcase name="BrowserAutomation" time="0.0" classname="qaclickacademy.SaleniumTest"/>
  <testcase name="ElementsUI" time="0.0" classname="qaclickacademy.SaleniumTest"/>
</testsuite> <!-- Command line test -->
