<?xml version="1.0" encoding="UTF-8"?>
<!-- Generated by org.testng.reporters.JUnitXMLReporter -->
<testsuite ignored="0" hostname="WIN-6INJRAB8CQ2" failures="0" tests="6" name="Test" time="0.079" errors="0" timestamp="2019-11-17T13:47:58 IST">
  <testcase classname="qaclickacademy.APITests" name="Djira" time="0.016"/>
  <testcase classname="qaclickacademy.APITests" name="TwitterDellete" time="0.0"/>
  <testcase classname="qaclickacademy.ApiumTest" name="AndroidAPP" time="0.0"/>
  <testcase classname="qaclickacademy.ApiumTest" name="SamsungTest" time="0.0"/>
  <testcase classname="qaclickacademy.SaleniumTest" name="BrowserAutomation" time="0.0"/>
  <testcase classname="qaclickacademy.SaleniumTest" name="ElementsUI" time="0.0"/>
</testsuite> <!-- Test -->
