<?xml version="1.0" encoding="UTF-8"?>
<testng-results skipped="0" failed="0" ignored="0" total="4" passed="4">
  <reporter-output>
  </reporter-output>
  <suite name="Command line suite" duration-ms="63" started-at="2019-11-21T09:52:45 IST" finished-at="2019-11-21T09:52:45 IST">
    <groups>
    </groups>
    <test name="Command line test" duration-ms="63" started-at="2019-11-21T09:52:45 IST" finished-at="2019-11-21T09:52:45 IST">
      <class name="qaclickacademy.SaleniumTest">
        <test-method status="PASS" signature="BrowserAutomation()[pri:0, instance:qaclickacademy.SaleniumTest@6eebc39e]" name="BrowserAutomation" duration-ms="0" started-at="2019-11-21T09:52:45 IST" finished-at="2019-11-21T09:52:45 IST">
          <reporter-output>
          </reporter-output>
        </test-method> <!-- BrowserAutomation -->
        <test-method status="PASS" signature="ElementsUI()[pri:0, instance:qaclickacademy.SaleniumTest@6eebc39e]" name="ElementsUI" duration-ms="0" started-at="2019-11-21T09:52:45 IST" finished-at="2019-11-21T09:52:45 IST">
          <reporter-output>
          </reporter-output>
        </test-method> <!-- ElementsUI -->
      </class> <!-- qaclickacademy.SaleniumTest -->
      <class name="qaclickacademy.ApiumTest">
        <test-method status="PASS" signature="SamsungTest()[pri:0, instance:qaclickacademy.ApiumTest@4dfa3a9d]" name="SamsungTest" duration-ms="0" started-at="2019-11-21T09:52:45 IST" finished-at="2019-11-21T09:52:45 IST">
          <reporter-output>
          </reporter-output>
        </test-method> <!-- SamsungTest -->
        <test-method status="PASS" signature="AndroidAPP()[pri:0, instance:qaclickacademy.ApiumTest@4dfa3a9d]" name="AndroidAPP" duration-ms="0" started-at="2019-11-21T09:52:45 IST" finished-at="2019-11-21T09:52:45 IST">
          <reporter-output>
          </reporter-output>
        </test-method> <!-- AndroidAPP -->
      </class> <!-- qaclickacademy.ApiumTest -->
    </test> <!-- Command line test -->
  </suite> <!-- Command line suite -->
</testng-results>
