<?xml version="1.0" encoding="UTF-8"?>
<testng-results skipped="0" failed="0" ignored="0" total="6" passed="6">
  <reporter-output>
  </reporter-output>
  <suite name="Suite" duration-ms="70" started-at="2019-11-20T13:05:08 IST" finished-at="2019-11-20T13:05:08 IST">
    <groups>
    </groups>
    <test name="Test" duration-ms="70" started-at="2019-11-20T13:05:08 IST" finished-at="2019-11-20T13:05:08 IST">
      <class name="qaclickacademy.APITests">
        <test-method status="PASS" signature="Djira()[pri:0, instance:qaclickacademy.APITests@51cdd8a]" name="Djira" duration-ms="15" started-at="2019-11-20T13:05:08 IST" finished-at="2019-11-20T13:05:08 IST">
          <reporter-output>
          </reporter-output>
        </test-method> <!-- Djira -->
        <test-method status="PASS" signature="TwitterDellete()[pri:0, instance:qaclickacademy.APITests@51cdd8a]" name="TwitterDellete" duration-ms="0" started-at="2019-11-20T13:05:08 IST" finished-at="2019-11-20T13:05:08 IST">
          <reporter-output>
          </reporter-output>
        </test-method> <!-- TwitterDellete -->
      </class> <!-- qaclickacademy.APITests -->
      <class name="qaclickacademy.SaleniumTest">
        <test-method status="PASS" signature="BrowserAutomation()[pri:0, instance:qaclickacademy.SaleniumTest@23faf8f2]" name="BrowserAutomation" duration-ms="0" started-at="2019-11-20T13:05:08 IST" finished-at="2019-11-20T13:05:08 IST">
          <reporter-output>
          </reporter-output>
        </test-method> <!-- BrowserAutomation -->
        <test-method status="PASS" signature="ElementsUI()[pri:0, instance:qaclickacademy.SaleniumTest@23faf8f2]" name="ElementsUI" duration-ms="0" started-at="2019-11-20T13:05:08 IST" finished-at="2019-11-20T13:05:08 IST">
          <reporter-output>
          </reporter-output>
        </test-method> <!-- ElementsUI -->
      </class> <!-- qaclickacademy.SaleniumTest -->
      <class name="qaclickacademy.ApiumTest">
        <test-method status="PASS" signature="SamsungTest()[pri:0, instance:qaclickacademy.ApiumTest@d44fc21]" name="SamsungTest" duration-ms="0" started-at="2019-11-20T13:05:08 IST" finished-at="2019-11-20T13:05:08 IST">
          <reporter-output>
          </reporter-output>
        </test-method> <!-- SamsungTest -->
        <test-method status="PASS" signature="AndroidAPP()[pri:0, instance:qaclickacademy.ApiumTest@d44fc21]" name="AndroidAPP" duration-ms="0" started-at="2019-11-20T13:05:08 IST" finished-at="2019-11-20T13:05:08 IST">
          <reporter-output>
          </reporter-output>
        </test-method> <!-- AndroidAPP -->
      </class> <!-- qaclickacademy.ApiumTest -->
    </test> <!-- Test -->
  </suite> <!-- Suite -->
</testng-results>
